<?xml version="1.0" encoding="UTF-8"?>
<beans xmlns="http://www.springframework.org/schema/beans"
	xmlns:xsi="http://www.w3.org/2001/XMLSchema-instance" xmlns:context="http://www.springframework.org/schema/context"
	xmlns:jms="http://www.springframework.org/schema/jms" xmlns:jee="http://www.springframework.org/schema/jee"
	xsi:schemaLocation="http://www.springframework.org/schema/beans http://www.springframework.org/schema/beans/spring-beans.xsd
		                   http://www.springframework.org/schema/context http://www.springframework.org/schema/context/spring-context.xsd
		                   http://www.springframework.org/schema/jms http://www.springframework.org/schema/jms/spring-jms.xsd
		                   http://www.springframework.org/schema/jee 
        				   http://www.springframework.org/schema/jee/spring-jee.xsd"
	default-autowire="byName">

    <import resource="classpath:context/spring-hibernate-common-context.xml"/>
    
	<context:property-placeholder location="classpath:db.properties" />
	
	
	<bean id="sessionFactory" parent="parentSessionFactory" 
	    class="org.springframework.orm.hibernate3.LocalSessionFactoryBean" />
	
	<!-- Initialization for data source -->
	<bean id="dataSource" parent="parentDataSource"
		class="org.springframework.jdbc.datasource.DriverManagerDataSource" />
	
	<bean id="personDao" parent="parentDao" class="com.smt.common.spring.hibernate.dao.PersonDaoImpl" />
	
	<bean id="transactionManager"
        class="org.springframework.orm.hibernate3.HibernateTransactionManager">
        <property name="sessionFactory" ref="sessionFactory" />
    </bean>
</beans>